0 info it worked if it ends with ok
1 verbose cli [ 'C:\\Program Files\\nodejs\\node.exe',
1 verbose cli   'C:\\Program Files\\nodejs\\node_modules\\npm\\bin\\npm-cli.js',
1 verbose cli   'install',
1 verbose cli   'socket-io' ]
2 info using npm@2.14.20
3 info using node@v4.4.0
4 verbose install initial load of C:\Users\luis\Desktop\Javascript testing\RockstarIM\package.json
5 verbose installManyTop reading scoped package data from C:\Users\luis\Desktop\Javascript testing\RockstarIM\node_modules\body-parser\package.json
6 verbose installManyTop reading scoped package data from C:\Users\luis\Desktop\Javascript testing\RockstarIM\node_modules\cookie-parser\package.json
7 verbose installManyTop reading scoped package data from C:\Users\luis\Desktop\Javascript testing\RockstarIM\node_modules\debug\package.json
8 verbose installManyTop reading scoped package data from C:\Users\luis\Desktop\Javascript testing\RockstarIM\node_modules\ejs\package.json
9 verbose installManyTop reading scoped package data from C:\Users\luis\Desktop\Javascript testing\RockstarIM\node_modules\express\package.json
10 verbose installManyTop reading scoped package data from C:\Users\luis\Desktop\Javascript testing\RockstarIM\node_modules\express-jwt\package.json
11 verbose installManyTop reading scoped package data from C:\Users\luis\Desktop\Javascript testing\RockstarIM\node_modules\jsonwebtoken\package.json
12 verbose installManyTop reading scoped package data from C:\Users\luis\Desktop\Javascript testing\RockstarIM\node_modules\mongoose\package.json
13 verbose installManyTop reading scoped package data from C:\Users\luis\Desktop\Javascript testing\RockstarIM\node_modules\morgan\package.json
14 verbose installManyTop reading scoped package data from C:\Users\luis\Desktop\Javascript testing\RockstarIM\node_modules\passport\package.json
15 verbose installManyTop reading scoped package data from C:\Users\luis\Desktop\Javascript testing\RockstarIM\node_modules\passport-local\package.json
16 verbose installManyTop reading scoped package data from C:\Users\luis\Desktop\Javascript testing\RockstarIM\node_modules\serve-favicon\package.json
17 verbose installManyTop reading scoped package data from C:\Users\luis\Desktop\Javascript testing\RockstarIM\node_modules\socket.io\package.json
18 info package.json passport@0.3.2 No README data
19 info package.json express-jwt@3.4.0 No license field.
20 info package.json passport-local@1.0.0 No license field.
21 verbose readDependencies loading dependencies from C:\Users\luis\Desktop\Javascript testing\RockstarIM\package.json
22 silly cache add args [ 'socket-io', null ]
23 verbose cache add spec socket-io
24 silly cache add parsed spec Result {
24 silly cache add   raw: 'socket-io',
24 silly cache add   scope: null,
24 silly cache add   name: 'socket-io',
24 silly cache add   rawSpec: '',
24 silly cache add   spec: 'latest',
24 silly cache add   type: 'tag' }
25 silly addNamed socket-io@latest
26 verbose addNamed "latest" is being treated as a dist-tag for socket-io
27 info addNameTag [ 'socket-io', 'latest' ]
28 silly mapToRegistry name socket-io
29 silly mapToRegistry using default registry
30 silly mapToRegistry registry https://registry.npmjs.org/
31 silly mapToRegistry uri https://registry.npmjs.org/socket-io
32 verbose addNameTag registry:https://registry.npmjs.org/socket-io not in flight; fetching
33 verbose request uri https://registry.npmjs.org/socket-io
34 verbose request no auth needed
35 info attempt registry request try #1 at 5:18:03 PM
36 verbose request id 0fcdafeb28de80f9
37 http request GET https://registry.npmjs.org/socket-io
38 http 404 https://registry.npmjs.org/socket-io
39 verbose headers { 'content-type': 'application/json',
39 verbose headers   'cache-control': 'max-age=0',
39 verbose headers   'content-length': '2',
39 verbose headers   'accept-ranges': 'bytes',
39 verbose headers   date: 'Sun, 26 Jun 2016 00:17:55 GMT',
39 verbose headers   via: '1.1 varnish',
39 verbose headers   age: '0',
39 verbose headers   connection: 'keep-alive',
39 verbose headers   'x-served-by': 'cache-lax1438-LAX',
39 verbose headers   'x-cache': 'MISS',
39 verbose headers   'x-cache-hits': '0',
39 verbose headers   'x-timer': 'S1466900275.423452,VS0,VE174',
39 verbose headers   vary: 'Accept-Encoding' }
40 silly get cb [ 404,
40 silly get   { 'content-type': 'application/json',
40 silly get     'cache-control': 'max-age=0',
40 silly get     'content-length': '2',
40 silly get     'accept-ranges': 'bytes',
40 silly get     date: 'Sun, 26 Jun 2016 00:17:55 GMT',
40 silly get     via: '1.1 varnish',
40 silly get     age: '0',
40 silly get     connection: 'keep-alive',
40 silly get     'x-served-by': 'cache-lax1438-LAX',
40 silly get     'x-cache': 'MISS',
40 silly get     'x-cache-hits': '0',
40 silly get     'x-timer': 'S1466900275.423452,VS0,VE174',
40 silly get     vary: 'Accept-Encoding' } ]
41 verbose stack Error: Registry returned 404 for GET on https://registry.npmjs.org/socket-io
41 verbose stack     at makeError (C:\Program Files\nodejs\node_modules\npm\node_modules\npm-registry-client\lib\request.js:264:12)
41 verbose stack     at CachingRegistryClient.<anonymous> (C:\Program Files\nodejs\node_modules\npm\node_modules\npm-registry-client\lib\request.js:242:14)
41 verbose stack     at Request._callback (C:\Program Files\nodejs\node_modules\npm\node_modules\npm-registry-client\lib\request.js:172:14)
41 verbose stack     at Request.self.callback (C:\Program Files\nodejs\node_modules\npm\node_modules\request\request.js:199:22)
41 verbose stack     at emitTwo (events.js:87:13)
41 verbose stack     at Request.emit (events.js:172:7)
41 verbose stack     at Request.<anonymous> (C:\Program Files\nodejs\node_modules\npm\node_modules\request\request.js:1036:10)
41 verbose stack     at emitOne (events.js:82:20)
41 verbose stack     at Request.emit (events.js:169:7)
41 verbose stack     at IncomingMessage.<anonymous> (C:\Program Files\nodejs\node_modules\npm\node_modules\request\request.js:963:12)
42 verbose statusCode 404
43 verbose pkgid socket-io
44 verbose cwd C:\Users\luis\Desktop\Javascript testing\RockstarIM
45 error Windows_NT 10.0.10586
46 error argv "C:\\Program Files\\nodejs\\node.exe" "C:\\Program Files\\nodejs\\node_modules\\npm\\bin\\npm-cli.js" "install" "socket-io"
47 error node v4.4.0
48 error npm  v2.14.20
49 error code E404
50 error 404 Registry returned 404 for GET on https://registry.npmjs.org/socket-io
50 error 404
50 error 404 'socket-io' is not in the npm registry.
50 error 404 You should bug the author to publish it (or use the name yourself!)
50 error 404 It was specified as a dependency of 'RockstarIM'
50 error 404
50 error 404 Note that you can also install from a
50 error 404 tarball, folder, http url, or git url.
51 verbose exit [ 1, true ]
